Collecting tensorflow
  Using cached tensorflow-2.18.0-cp311-cp311-manylinux_2_17_x86_64.manylinux2014_x86_64.whl (615.4 MB)
Requirement already satisfied: scikit-learn in /sci/labs/asafle/yoel.marcu2003/myenv/lib/python3.11/site-packages (1.6.1)
Requirement already satisfied: numpy in /sci/labs/asafle/yoel.marcu2003/myenv/lib/python3.11/site-packages (2.0.2)
Collecting absl-py>=1.0.0
  Using cached absl_py-2.1.0-py3-none-any.whl (133 kB)
Collecting astunparse>=1.6.0
  Using cached astunparse-1.6.3-py2.py3-none-any.whl (12 kB)
Requirement already satisfied: flatbuffers>=24.3.25 in /sci/labs/asafle/yoel.marcu2003/myenv/lib/python3.11/site-packages (from tensorflow) (25.2.10)
Collecting gast!=0.5.0,!=0.5.1,!=0.5.2,>=0.2.1
  Using cached gast-0.6.0-py3-none-any.whl (21 kB)
Collecting google-pasta>=0.1.1
  Using cached google_pasta-0.2.0-py3-none-any.whl (57 kB)
Requirement already satisfied: libclang>=13.0.0 in /sci/labs/asafle/yoel.marcu2003/myenv/lib/python3.11/site-packages (from tensorflow) (18.1.1)
Requirement already satisfied: opt-einsum>=2.3.2 in /sci/labs/asafle/yoel.marcu2003/myenv/lib/python3.11/site-packages (from tensorflow) (3.4.0)
Requirement already satisfied: packaging in /sci/labs/asafle/yoel.marcu2003/myenv/lib/python3.11/site-packages (from tensorflow) (24.2)
Requirement already satisfied: protobuf!=4.21.0,!=4.21.1,!=4.21.2,!=4.21.3,!=4.21.4,!=4.21.5,<6.0.0dev,>=3.20.3 in /sci/labs/asafle/yoel.marcu2003/myenv/lib/python3.11/site-packages (from tensorflow) (5.29.3)
Requirement already satisfied: requests<3,>=2.21.0 in /sci/labs/asafle/yoel.marcu2003/myenv/lib/python3.11/site-packages (from tensorflow) (2.32.3)
Requirement already satisfied: setuptools in /sci/labs/asafle/yoel.marcu2003/myenv/lib/python3.11/site-packages (from tensorflow) (66.1.1)
Requirement already satisfied: six>=1.12.0 in /sci/labs/asafle/yoel.marcu2003/myenv/lib/python3.11/site-packages (from tensorflow) (1.17.0)
Requirement already satisfied: termcolor>=1.1.0 in /sci/labs/asafle/yoel.marcu2003/myenv/lib/python3.11/site-packages (from tensorflow) (2.5.0)
Requirement already satisfied: typing-extensions>=3.6.6 in /sci/labs/asafle/yoel.marcu2003/myenv/lib/python3.11/site-packages (from tensorflow) (4.12.2)
Requirement already satisfied: wrapt>=1.11.0 in /sci/labs/asafle/yoel.marcu2003/myenv/lib/python3.11/site-packages (from tensorflow) (1.17.2)
Collecting grpcio<2.0,>=1.24.3
  Downloading grpcio-1.70.0-cp311-cp311-manylinux_2_17_x86_64.manylinux2014_x86_64.whl (5.9 MB)
     ━━━━━━━━━━━━━━━━━━━━━━━━━━━━━━━━━━━━━━━━ 5.9/5.9 MB 17.9 MB/s eta 0:00:00
Collecting tensorboard<2.19,>=2.18
  Using cached tensorboard-2.18.0-py3-none-any.whl (5.5 MB)
Collecting keras>=3.5.0
  Downloading keras-3.8.0-py3-none-any.whl (1.3 MB)
     ━━━━━━━━━━━━━━━━━━━━━━━━━━━━━━━━━━━━━━━━ 1.3/1.3 MB 16.2 MB/s eta 0:00:00
Collecting h5py>=3.11.0
  Using cached h5py-3.12.1-cp311-cp311-manylinux_2_17_x86_64.manylinux2014_x86_64.whl (5.5 MB)
Collecting ml-dtypes<0.5.0,>=0.4.0
  Using cached ml_dtypes-0.4.1-cp311-cp311-manylinux_2_17_x86_64.manylinux2014_x86_64.whl (2.2 MB)
Requirement already satisfied: tensorflow-io-gcs-filesystem>=0.23.1 in /sci/labs/asafle/yoel.marcu2003/myenv/lib/python3.11/site-packages (from tensorflow) (0.37.1)
Requirement already satisfied: scipy>=1.6.0 in /sci/labs/asafle/yoel.marcu2003/myenv/lib/python3.11/site-packages (from scikit-learn) (1.15.1)
Requirement already satisfied: joblib>=1.2.0 in /sci/labs/asafle/yoel.marcu2003/myenv/lib/python3.11/site-packages (from scikit-learn) (1.4.2)
Requirement already satisfied: threadpoolctl>=3.1.0 in /sci/labs/asafle/yoel.marcu2003/myenv/lib/python3.11/site-packages (from scikit-learn) (3.5.0)
Requirement already satisfied: wheel<1.0,>=0.23.0 in /sci/labs/asafle/yoel.marcu2003/myenv/lib/python3.11/site-packages (from astunparse>=1.6.0->tensorflow) (0.45.1)
Collecting rich
  Using cached rich-13.9.4-py3-none-any.whl (242 kB)
Requirement already satisfied: namex in /sci/labs/asafle/yoel.marcu2003/myenv/lib/python3.11/site-packages (from keras>=3.5.0->tensorflow) (0.0.8)
Requirement already satisfied: optree in /sci/labs/asafle/yoel.marcu2003/myenv/lib/python3.11/site-packages (from keras>=3.5.0->tensorflow) (0.14.0)
Requirement already satisfied: charset-normalizer<4,>=2 in /sci/labs/asafle/yoel.marcu2003/myenv/lib/python3.11/site-packages (from requests<3,>=2.21.0->tensorflow) (3.4.1)
Requirement already satisfied: idna<4,>=2.5 in /sci/labs/asafle/yoel.marcu2003/myenv/lib/python3.11/site-packages (from requests<3,>=2.21.0->tensorflow) (3.10)
Requirement already satisfied: urllib3<3,>=1.21.1 in /sci/labs/asafle/yoel.marcu2003/myenv/lib/python3.11/site-packages (from requests<3,>=2.21.0->tensorflow) (2.3.0)
Requirement already satisfied: certifi>=2017.4.17 in /sci/labs/asafle/yoel.marcu2003/myenv/lib/python3.11/site-packages (from requests<3,>=2.21.0->tensorflow) (2025.1.31)
Collecting markdown>=2.6.8
  Using cached Markdown-3.7-py3-none-any.whl (106 kB)
Requirement already satisfied: tensorboard-data-server<0.8.0,>=0.7.0 in /sci/labs/asafle/yoel.marcu2003/myenv/lib/python3.11/site-packages (from tensorboard<2.19,>=2.18->tensorflow) (0.7.2)
Requirement already satisfied: werkzeug>=1.0.1 in /sci/labs/asafle/yoel.marcu2003/myenv/lib/python3.11/site-packages (from tensorboard<2.19,>=2.18->tensorflow) (3.1.3)
Requirement already satisfied: MarkupSafe>=2.1.1 in /sci/labs/asafle/yoel.marcu2003/myenv/lib/python3.11/site-packages (from werkzeug>=1.0.1->tensorboard<2.19,>=2.18->tensorflow) (3.0.2)
Collecting markdown-it-py>=2.2.0
  Using cached markdown_it_py-3.0.0-py3-none-any.whl (87 kB)
Requirement already satisfied: pygments<3.0.0,>=2.13.0 in /sci/labs/asafle/yoel.marcu2003/myenv/lib/python3.11/site-packages (from rich->keras>=3.5.0->tensorflow) (2.19.1)
Collecting mdurl~=0.1
  Using cached mdurl-0.1.2-py3-none-any.whl (10.0 kB)
Installing collected packages: ml-dtypes, mdurl, markdown, h5py, grpcio, google-pasta, gast, astunparse, absl-py, tensorboard, markdown-it-py, rich, keras, tensorflow
Successfully installed absl-py-2.1.0 astunparse-1.6.3 gast-0.6.0 google-pasta-0.2.0 grpcio-1.70.0 h5py-3.12.1 keras-3.8.0 markdown-3.7 markdown-it-py-3.0.0 mdurl-0.1.2 ml-dtypes-0.4.1 rich-13.9.4 tensorboard-2.18.0 tensorflow-2.18.0
2025-02-13 16:51:03.611362: E external/local_xla/xla/stream_executor/cuda/cuda_fft.cc:477] Unable to register cuFFT factory: Attempting to register factory for plugin cuFFT when one has already been registered
WARNING: All log messages before absl::InitializeLog() is called are written to STDERR
E0000 00:00:1739458263.770132 1174960 cuda_dnn.cc:8310] Unable to register cuDNN factory: Attempting to register factory for plugin cuDNN when one has already been registered
E0000 00:00:1739458263.815636 1174960 cuda_blas.cc:1418] Unable to register cuBLAS factory: Attempting to register factory for plugin cuBLAS when one has already been registered
2025-02-13 16:51:04.229116: I tensorflow/core/platform/cpu_feature_guard.cc:210] This TensorFlow binary is optimized to use available CPU instructions in performance-critical operations.
To enable the following instructions: AVX2 FMA, in other operations, rebuild TensorFlow with the appropriate compiler flags.
/sci/labs/asafle/yoel.marcu2003/myenv/lib/python3.11/site-packages/keras/src/layers/convolutional/base_conv.py:107: UserWarning: Do not pass an `input_shape`/`input_dim` argument to a layer. When using Sequential models, prefer using an `Input(shape)` object as the first layer in the model instead.
  super().__init__(activity_regularizer=activity_regularizer, **kwargs)
2025-02-13 17:13:22.911273: E external/local_xla/xla/stream_executor/cuda/cuda_driver.cc:152] failed call to cuInit: INTERNAL: CUDA error: Failed call to cuInit: UNKNOWN ERROR (303)
/var/spool/slurmd/job27868063/slurm_script: line 18: 1174960 Killed                  python cnn_on_ohe.py
slurmstepd: error: Detected 1 oom-kill event(s) in StepId=27868063.batch cgroup. Some of your processes may have been killed by the cgroup out-of-memory handler.
